<?xml version="1.0" encoding="UTF-8"?>
<!-- Generated by org.testng.reporters.JUnitReportReporter -->
<testsuite skipped="0" hostname="hp" name="testAPIs.LearnDependsOn" tests="3" failures="0" timestamp="2019-09-22T12:31:10 IST" time="0.038" errors="0">
  <testcase name="test2" time="0.028" classname="testAPIs.LearnDependsOn"/>
  <testcase name="test1" time="0.007" classname="testAPIs.LearnDependsOn"/>
  <testcase name="test3" time="0.003" classname="testAPIs.LearnDependsOn"/>
</testsuite> <!-- testAPIs.LearnDependsOn -->
