<?xml version="1.0" encoding="UTF-8"?>
<!-- Generated by org.testng.reporters.JUnitReportReporter -->
<testsuite skipped="0" hostname="hp" name="testAPIs.LearnDataProvider" tests="3" failures="0" timestamp="2019-09-22T12:22:13 IST" time="0.032" errors="0">
  <testcase name="login" time="0.005" classname="testAPIs.LearnDataProvider"/>
  <testcase name="login" time="0.005" classname="testAPIs.LearnDataProvider"/>
  <testcase name="login" time="0.022" classname="testAPIs.LearnDataProvider"/>
</testsuite> <!-- testAPIs.LearnDataProvider -->
