<?xml version="1.0" encoding="UTF-8"?>
<!-- Generated by org.testng.reporters.JUnitReportReporter -->
<testsuite skipped="0" hostname="hp" name="testAPIs.LearnGroups" tests="2" failures="0" timestamp="2019-09-22T12:40:34 IST" time="0.028" errors="0">
  <testcase name="test2" time="0.024" classname="testAPIs.LearnGroups"/>
  <testcase name="test3" time="0.004" classname="testAPIs.LearnGroups"/>
</testsuite> <!-- testAPIs.LearnGroups -->
