<?xml version="1.0" encoding="UTF-8"?>
<!-- Generated by org.testng.reporters.JUnitReportReporter -->
<testsuite skipped="0" hostname="hp" name="testAPIs.CreateRecord" tests="1" failures="0" timestamp="2019-09-22T13:11:30 IST" time="9.489" errors="0">
  <testcase name="test1" time="9.489" classname="testAPIs.CreateRecord"/>
</testsuite> <!-- testAPIs.CreateRecord -->
