<?xml version="1.0" encoding="UTF-8"?>
<!-- Generated by org.testng.reporters.JUnitReportReporter -->
<testsuite skipped="0" hostname="hp" name="testScripts.TC_MurcuryTours_Login" tests="1" failures="0" timestamp="2019-09-15T12:21:51 IST" time="8.078" errors="0">
  <testcase name="Script1" time="8.078" classname="testScripts.TC_MurcuryTours_Login"/>
</testsuite> <!-- testScripts.TC_MurcuryTours_Login -->
