<?xml version="1.0" encoding="UTF-8"?>
<!-- Generated by org.testng.reporters.JUnitReportReporter -->
<testsuite skipped="0" hostname="hp" name="basicAnnotationsM1.Scenario1" tests="3" failures="0" timestamp="2019-09-01T11:43:01 IST" time="0.047" errors="0">
  <testcase name="test3" time="0.016" classname="basicAnnotationsM1.Scenario1"/>
  <testcase name="test2" time="0.016" classname="basicAnnotationsM1.Scenario1"/>
  <testcase name="test1" time="0.015" classname="basicAnnotationsM1.Scenario1"/>
</testsuite> <!-- basicAnnotationsM1.Scenario1 -->
