<?xml version="1.0" encoding="UTF-8"?>
<!-- Generated by org.testng.reporters.JUnitReportReporter -->
<testsuite skipped="0" hostname="hp" name="basicAnnotationM2.Scenario4" tests="3" failures="0" timestamp="2019-09-01T11:43:01 IST" time="0.047" errors="0">
  <testcase name="test3" time="0.000" classname="basicAnnotationM2.Scenario4"/>
  <testcase name="test1" time="0.032" classname="basicAnnotationM2.Scenario4"/>
  <testcase name="test2" time="0.015" classname="basicAnnotationM2.Scenario4"/>
</testsuite> <!-- basicAnnotationM2.Scenario4 -->
