<?xml version="1.0" encoding="UTF-8"?>
<!-- Generated by org.testng.reporters.JUnitReportReporter -->
<testsuite skipped="0" hostname="hp" name="basicAnnotationM3.Scenario5" tests="3" failures="0" timestamp="2019-09-01T11:43:01 IST" time="0.000" errors="0">
  <testcase name="test3" time="0.000" classname="basicAnnotationM3.Scenario5"/>
  <testcase name="test2" time="0.000" classname="basicAnnotationM3.Scenario5"/>
  <testcase name="test1" time="0.000" classname="basicAnnotationM3.Scenario5"/>
</testsuite> <!-- basicAnnotationM3.Scenario5 -->
