<?xml version="1.0" encoding="UTF-8"?>
<!-- Generated by org.testng.reporters.JUnitReportReporter -->
<testsuite skipped="0" hostname="hp" name="basicAnnotationM2.Scenario3" tests="3" failures="0" timestamp="2019-09-01T11:43:01 IST" time="0.046" errors="0">
  <testcase name="test2" time="0.015" classname="basicAnnotationM2.Scenario3"/>
  <testcase name="test1" time="0.015" classname="basicAnnotationM2.Scenario3"/>
  <testcase name="test3" time="0.016" classname="basicAnnotationM2.Scenario3"/>
</testsuite> <!-- basicAnnotationM2.Scenario3 -->
