<?xml version="1.0" encoding="UTF-8"?>
<!-- Generated by org.testng.reporters.JUnitReportReporter -->
<testsuite skipped="0" hostname="hp" name="basicAnnotationsM1.Scenario2" tests="3" failures="0" timestamp="2019-09-07T08:36:59 IST" time="0.025" errors="0">
  <testcase name="test3" time="0.004" classname="basicAnnotationsM1.Scenario2"/>
  <testcase name="test1" time="0.015" classname="basicAnnotationsM1.Scenario2"/>
  <testcase name="test2" time="0.006" classname="basicAnnotationsM1.Scenario2"/>
</testsuite> <!-- basicAnnotationsM1.Scenario2 -->
