<?xml version="1.0" encoding="UTF-8"?>
<!-- Generated by org.testng.reporters.JUnitReportReporter -->
<testsuite skipped="0" hostname="hp" name="BasicSelenium.HandleIframe" tests="1" failures="0" timestamp="2019-09-14T12:01:41 IST" time="59.494" errors="0">
  <testcase name="test1" time="59.494" classname="BasicSelenium.HandleIframe"/>
</testsuite> <!-- BasicSelenium.HandleIframe -->
