<?xml version="1.0" encoding="UTF-8"?>
<!-- Generated by org.testng.reporters.JUnitReportReporter -->
<testsuite skipped="0" hostname="hp" name="BasicSelenium.SeleniumClass1" tests="1" failures="0" timestamp="2019-09-15T08:28:03 IST" time="58.081" errors="0">
  <testcase name="test1" time="58.081" classname="BasicSelenium.SeleniumClass1"/>
</testsuite> <!-- BasicSelenium.SeleniumClass1 -->
