<?xml version="1.0" encoding="UTF-8"?>
<!-- Generated by org.testng.reporters.JUnitReportReporter -->
<testsuite skipped="0" hostname="hp" name="BasicSelenium.Flipkart1" tests="1" failures="0" timestamp="2019-09-14T22:54:30 IST" time="38.000" errors="0">
  <testcase name="test2" time="38.000" classname="BasicSelenium.Flipkart1"/>
</testsuite> <!-- BasicSelenium.Flipkart1 -->
